<?xml version="1.0" encoding="UTF-8"?>
<testng-results ignored="0" total="1" passed="1" failed="0" skipped="0">
  <reporter-output>
  </reporter-output>
  <suite started-at="2022-09-23T10:31:59 IST" name="Route Work:Smoke" finished-at="2022-09-23T10:32:48 IST" duration-ms="49423">
    <groups>
    </groups>
    <test started-at="2022-09-23T10:31:59 IST" name="Route Work Smoke Testing" finished-at="2022-09-23T10:32:48 IST" duration-ms="49423">
      <class name="RW.ServiceRW">
        <test-method is-config="true" signature="startup()[pri:0, instance:RW.ServiceRW@54bff557]" started-at="2022-09-23T10:31:56 IST" name="startup" finished-at="2022-09-23T10:31:59 IST" duration-ms="2725" status="PASS">
          <reporter-output>
          </reporter-output>
        </test-method> <!-- startup -->
        <test-method signature="serviceRW()[pri:0, instance:RW.ServiceRW@54bff557]" started-at="2022-09-23T10:31:59 IST" name="serviceRW" finished-at="2022-09-23T10:32:48 IST" duration-ms="49343" status="PASS">
          <reporter-output>
          </reporter-output>
        </test-method> <!-- serviceRW -->
        <test-method is-config="true" signature="end()[pri:0, instance:RW.ServiceRW@54bff557]" started-at="2022-09-23T10:32:48 IST" name="end" finished-at="2022-09-23T10:32:49 IST" duration-ms="522" status="PASS">
          <reporter-output>
          </reporter-output>
        </test-method> <!-- end -->
      </class> <!-- RW.ServiceRW -->
    </test> <!-- Route Work Smoke Testing -->
  </suite> <!-- Route Work:Smoke -->
</testng-results>
