<?xml version="1.0" encoding="UTF-8"?>
<testng-results ignored="0" total="1" passed="1" failed="0" skipped="0">
  <reporter-output>
  </reporter-output>
  <suite started-at="2023-01-02T11:11:43 IST" name="Route Work:Smoke" finished-at="2023-01-02T11:16:22 IST" duration-ms="278997">
    <groups>
    </groups>
    <test started-at="2023-01-02T11:11:43 IST" name="Route Work Smoke Testing" finished-at="2023-01-02T11:16:22 IST" duration-ms="278997">
      <class name="RW.ServiceRW">
        <test-method is-config="true" signature="startup()[pri:0, instance:RW.ServiceRW@1de76cc7]" started-at="2023-01-02T11:11:40 IST" name="startup" finished-at="2023-01-02T11:11:43 IST" duration-ms="2497" status="PASS">
          <reporter-output>
          </reporter-output>
        </test-method> <!-- startup -->
        <test-method signature="serviceRW()[pri:0, instance:RW.ServiceRW@1de76cc7]" started-at="2023-01-02T11:11:43 IST" name="serviceRW" finished-at="2023-01-02T11:16:22 IST" duration-ms="278939" status="PASS">
          <reporter-output>
          </reporter-output>
        </test-method> <!-- serviceRW -->
        <test-method is-config="true" signature="end()[pri:0, instance:RW.ServiceRW@1de76cc7]" started-at="2023-01-02T11:16:22 IST" name="end" finished-at="2023-01-02T11:16:22 IST" duration-ms="158" status="PASS">
          <reporter-output>
          </reporter-output>
        </test-method> <!-- end -->
      </class> <!-- RW.ServiceRW -->
    </test> <!-- Route Work Smoke Testing -->
  </suite> <!-- Route Work:Smoke -->
</testng-results>
